<?xml version="1.0" encoding="UTF-8"?>
<!-- Generated by org.testng.reporters.JUnitReportReporter -->
<testsuite hostname="DESKTOP-3IU1GUE" failures="0" tests="5" name="section2.automation.DemoTestNG" time="0.020" errors="0" timestamp="2023-01-28T18:35:02 IST" skipped="0">
  <testcase classname="section2.automation.DemoTestNG" name="loginToApp" time="0.010"/>
  <system-out/>
  <testcase classname="section2.automation.DemoTestNG" name="loginToApp" time="0.004"/>
  <system-out/>
  <testcase classname="section2.automation.DemoTestNG" name="loginToApp" time="0.001"/>
  <system-out/>
  <testcase classname="section2.automation.DemoTestNG" name="loginToApp" time="0.003"/>
  <system-out/>
  <testcase classname="section2.automation.DemoTestNG" name="loginToApp" time="0.002"/>
  <system-out/>
</testsuite> <!-- section2.automation.DemoTestNG -->
