<?xml version="1.0" encoding="UTF-8"?>
<!-- Generated by org.testng.reporters.JUnitReportReporter -->
<testsuite hostname="DESKTOP-3IU1GUE" failures="0" tests="2" name="testScripts.VendorScripts" time="78.445" errors="0" timestamp="2023-01-21T18:50:57 IST" skipped="0">
  <testcase classname="testScripts.VendorScripts" name="VenderCreation" time="21.531"/>
  <system-out/>
  <testcase classname="testScripts.VendorScripts" name="VenderCreation" time="56.914"/>
  <system-out/>
</testsuite> <!-- testScripts.VendorScripts -->
