<?xml version="1.0" encoding="UTF-8"?>
<!-- Generated by org.testng.reporters.JUnitReportReporter -->
<testsuite hostname="DESKTOP-3IU1GUE" failures="0" tests="1" name="testScripts.SalesOrderScripts" time="38.718" errors="0" timestamp="2023-01-29T19:08:50 IST" skipped="0">
  <testcase classname="testScripts.SalesOrderScripts" name="CreateSaleOrder" time="38.718"/>
  <system-out/>
</testsuite> <!-- testScripts.SalesOrderScripts -->
