<?xml version="1.0" encoding="UTF-8"?>
<!-- Generated by org.testng.reporters.JUnitReportReporter -->
<testsuite skipped="0" hostname="DESKTOP-3IU1GUE" name="testScripts.VendorScriptsTest" tests="1" failures="0" timestamp="2023-02-26T18:09:28 IST" time="21.290" errors="0">
  <testcase name="VenderCreation" time="21.290" classname="testScripts.VendorScriptsTest"/>
  <system-out/>
</testsuite> <!-- testScripts.VendorScriptsTest -->
