<?xml version="1.0" encoding="UTF-8"?>
<!-- Generated by org.testng.reporters.JUnitReportReporter -->
<testsuite skipped="0" hostname="DESKTOP-3IU1GUE" name="testScripts.LoginToVtigerTest" tests="1" failures="0" timestamp="2023-02-26T18:09:28 IST" time="12.184" errors="0">
  <testcase name="homePageValidation" time="12.184" classname="testScripts.LoginToVtigerTest"/>
  <system-out/>
</testsuite> <!-- testScripts.LoginToVtigerTest -->
